This is pdfTeX, Version 3.14159265-2.6-1.40.21 (MiKTeX 2.9.7440 64-bit) (preloaded format=pdflatex 2020.5.26)  5 JUN 2020 19:16
entering extended mode
**./amocanebi.tex
(amocanebi.tex
LaTeX2e <2020-02-02> patch level 5
L3 programming layer <2020-05-15>
("C:\Program Files\MiKTeX 2.9\tex/latex/base\report.cls"
Document Class: report 2019/12/20 v1.4l Standard LaTeX document class
("C:\Program Files\MiKTeX 2.9\tex/latex/base\size12.clo"
File: size12.clo 2019/12/20 v1.4l Standard LaTeX file (size option)
)
\c@part=\count167
\c@chapter=\count168
\c@section=\count169
\c@subsection=\count170
\c@subsubsection=\count171
\c@paragraph=\count172
\c@subparagraph=\count173
\c@figure=\count174
\c@table=\count175
\abovecaptionskip=\skip47
\belowcaptionskip=\skip48
\bibindent=\dimen134
)
("C:\Program Files\MiKTeX 2.9\tex/latex/base\fontenc.sty"
Package: fontenc 2020/02/11 v2.0o Standard LaTeX package

("C:\Program Files\MiKTeX 2.9\tex/latex/georgian\t8kenc.def"
File: t8kenc.def 2009/03/03 v1.2 Georgian Mkhedruli(U+10D0-U+10FC)-Khucuri(U+2D
00-U+2D26) encoding definition file
Now handling font encoding T8K ...
... processing UTF-8 mapping file for font encoding T8K

("C:\Program Files\MiKTeX 2.9\tex/latex/georgian\t8kenc.dfu"
File: t8kenc.dfu 2009/03/04 v1.2 UTF8 support for Georgian
   defining Unicode char U+2D00 (decimal 11520)
   defining Unicode char U+2D01 (decimal 11521)
   defining Unicode char U+2D02 (decimal 11522)
   defining Unicode char U+2D03 (decimal 11523)
   defining Unicode char U+2D04 (decimal 11524)
   defining Unicode char U+2D05 (decimal 11525)
   defining Unicode char U+2D06 (decimal 11526)
   defining Unicode char U+2D07 (decimal 11527)
   defining Unicode char U+2D08 (decimal 11528)
   defining Unicode char U+2D09 (decimal 11529)
   defining Unicode char U+2D0A (decimal 11530)
   defining Unicode char U+2D0B (decimal 11531)
   defining Unicode char U+2D0C (decimal 11532)
   defining Unicode char U+2D0D (decimal 11533)
   defining Unicode char U+2D0E (decimal 11534)
   defining Unicode char U+2D0F (decimal 11535)
   defining Unicode char U+2D10 (decimal 11536)
   defining Unicode char U+2D11 (decimal 11537)
   defining Unicode char U+2D12 (decimal 11538)
   defining Unicode char U+2D13 (decimal 11539)
   defining Unicode char U+2D14 (decimal 11540)
   defining Unicode char U+2D15 (decimal 11541)
   defining Unicode char U+2D16 (decimal 11542)
   defining Unicode char U+2D17 (decimal 11543)
   defining Unicode char U+2D18 (decimal 11544)
   defining Unicode char U+2D19 (decimal 11545)
   defining Unicode char U+2D1A (decimal 11546)
   defining Unicode char U+2D1B (decimal 11547)
   defining Unicode char U+2D1C (decimal 11548)
   defining Unicode char U+2D1D (decimal 11549)
   defining Unicode char U+2D1E (decimal 11550)
   defining Unicode char U+2D1F (decimal 11551)
   defining Unicode char U+2D20 (decimal 11552)
   defining Unicode char U+2D21 (decimal 11553)
   defining Unicode char U+2D22 (decimal 11554)
   defining Unicode char U+2D23 (decimal 11555)
   defining Unicode char U+2D24 (decimal 11556)
   defining Unicode char U+2D25 (decimal 11557)
   defining Unicode char U+10D0 (decimal 4304)
   defining Unicode char U+10D1 (decimal 4305)
   defining Unicode char U+10D2 (decimal 4306)
   defining Unicode char U+10D3 (decimal 4307)
   defining Unicode char U+10D4 (decimal 4308)
   defining Unicode char U+10D5 (decimal 4309)
   defining Unicode char U+10D6 (decimal 4310)
   defining Unicode char U+10D7 (decimal 4311)
   defining Unicode char U+10D8 (decimal 4312)
   defining Unicode char U+10D9 (decimal 4313)
   defining Unicode char U+10DA (decimal 4314)
   defining Unicode char U+10DB (decimal 4315)
   defining Unicode char U+10DC (decimal 4316)
   defining Unicode char U+10DD (decimal 4317)
   defining Unicode char U+10DE (decimal 4318)
   defining Unicode char U+10DF (decimal 4319)
   defining Unicode char U+10E0 (decimal 4320)
   defining Unicode char U+10E1 (decimal 4321)
   defining Unicode char U+10E2 (decimal 4322)
   defining Unicode char U+10E3 (decimal 4323)
   defining Unicode char U+10E4 (decimal 4324)
   defining Unicode char U+10E5 (decimal 4325)
   defining Unicode char U+10E6 (decimal 4326)
   defining Unicode char U+10E7 (decimal 4327)
   defining Unicode char U+10E8 (decimal 4328)
   defining Unicode char U+10E9 (decimal 4329)
   defining Unicode char U+10EA (decimal 4330)
   defining Unicode char U+10EB (decimal 4331)
   defining Unicode char U+10EC (decimal 4332)
   defining Unicode char U+10ED (decimal 4333)
   defining Unicode char U+10EE (decimal 4334)
   defining Unicode char U+10EF (decimal 4335)
   defining Unicode char U+10F0 (decimal 4336)
   defining Unicode char U+10F1 (decimal 4337)
   defining Unicode char U+10F2 (decimal 4338)
   defining Unicode char U+10F3 (decimal 4339)
   defining Unicode char U+10F4 (decimal 4340)
   defining Unicode char U+10F5 (decimal 4341)
   defining Unicode char U+10F6 (decimal 4342)
   defining Unicode char U+10F7 (decimal 4343)
   defining Unicode char U+10F8 (decimal 4344)
   defining Unicode char U+10F9 (decimal 4345)
   defining Unicode char U+10FA (decimal 4346)
   defining Unicode char U+10FB (decimal 4347)
   defining Unicode char U+10FC (decimal 4348)
))
("C:\Program Files\MiKTeX 2.9\tex/latex/georgian\t8menc.def"
File: t8menc.def 2009/03/04 v1.1 Georgian Mxedruli encoding definition file
Now handling font encoding T8M ...
... processing UTF-8 mapping file for font encoding T8M

("C:\Program Files\MiKTeX 2.9\tex/latex/georgian\t8menc.dfu"
File: t8menc.dfu 2009/03/04 v1.1 UTF8 support for Georgian
   defining Unicode char U+10A0 (decimal 4256)
   defining Unicode char U+10A1 (decimal 4257)
   defining Unicode char U+10A2 (decimal 4258)
   defining Unicode char U+10A3 (decimal 4259)
   defining Unicode char U+10A4 (decimal 4260)
   defining Unicode char U+10A5 (decimal 4261)
   defining Unicode char U+10A6 (decimal 4262)
   defining Unicode char U+10A7 (decimal 4263)
   defining Unicode char U+10A8 (decimal 4264)
   defining Unicode char U+10A9 (decimal 4265)
   defining Unicode char U+10AA (decimal 4266)
   defining Unicode char U+10AB (decimal 4267)
   defining Unicode char U+10AC (decimal 4268)
   defining Unicode char U+10AD (decimal 4269)
   defining Unicode char U+10AE (decimal 4270)
   defining Unicode char U+10AF (decimal 4271)
   defining Unicode char U+10B0 (decimal 4272)
   defining Unicode char U+10B1 (decimal 4273)
   defining Unicode char U+10B2 (decimal 4274)
   defining Unicode char U+10B3 (decimal 4275)
   defining Unicode char U+10B4 (decimal 4276)
   defining Unicode char U+10B5 (decimal 4277)
   defining Unicode char U+10B6 (decimal 4278)
   defining Unicode char U+10B7 (decimal 4279)
   defining Unicode char U+10B8 (decimal 4280)
   defining Unicode char U+10B9 (decimal 4281)
   defining Unicode char U+10BA (decimal 4282)
   defining Unicode char U+10BB (decimal 4283)
   defining Unicode char U+10BC (decimal 4284)
   defining Unicode char U+10BD (decimal 4285)
   defining Unicode char U+10BE (decimal 4286)
   defining Unicode char U+10BF (decimal 4287)
   defining Unicode char U+10C0 (decimal 4288)
   defining Unicode char U+10C4 (decimal 4292)
   defining Unicode char U+10C1 (decimal 4289)
   defining Unicode char U+10C5 (decimal 4293)
   defining Unicode char U+10C2 (decimal 4290)
   defining Unicode char U+10C3 (decimal 4291)
   defining Unicode char U+10D0 (decimal 4304)
   defining Unicode char U+10D1 (decimal 4305)
   defining Unicode char U+10D2 (decimal 4306)
   defining Unicode char U+10D3 (decimal 4307)
   defining Unicode char U+10D4 (decimal 4308)
   defining Unicode char U+10D5 (decimal 4309)
   defining Unicode char U+10D6 (decimal 4310)
   defining Unicode char U+10D7 (decimal 4311)
   defining Unicode char U+10D8 (decimal 4312)
   defining Unicode char U+10D9 (decimal 4313)
   defining Unicode char U+10DA (decimal 4314)
   defining Unicode char U+10DB (decimal 4315)
   defining Unicode char U+10DC (decimal 4316)
   defining Unicode char U+10DD (decimal 4317)
   defining Unicode char U+10DE (decimal 4318)
   defining Unicode char U+10DF (decimal 4319)
   defining Unicode char U+10E0 (decimal 4320)
   defining Unicode char U+10E1 (decimal 4321)
   defining Unicode char U+10E2 (decimal 4322)
   defining Unicode char U+10E3 (decimal 4323)
   defining Unicode char U+10E4 (decimal 4324)
   defining Unicode char U+10E5 (decimal 4325)
   defining Unicode char U+10E6 (decimal 4326)
   defining Unicode char U+10E7 (decimal 4327)
   defining Unicode char U+10E8 (decimal 4328)
   defining Unicode char U+10E9 (decimal 4329)
   defining Unicode char U+10EA (decimal 4330)
   defining Unicode char U+10EB (decimal 4331)
   defining Unicode char U+10EC (decimal 4332)
   defining Unicode char U+10ED (decimal 4333)
   defining Unicode char U+10EE (decimal 4334)
   defining Unicode char U+10EF (decimal 4335)
   defining Unicode char U+10F0 (decimal 4336)
   defining Unicode char U+10F1 (decimal 4337)
   defining Unicode char U+10F2 (decimal 4338)
   defining Unicode char U+10F3 (decimal 4339)
   defining Unicode char U+10F4 (decimal 4340)
   defining Unicode char U+10F5 (decimal 4341)
   defining Unicode char U+10F6 (decimal 4342)
   defining Unicode char U+10F7 (decimal 4343)
   defining Unicode char U+10F8 (decimal 4344)
   defining Unicode char U+10F9 (decimal 4345)
   defining Unicode char U+10FA (decimal 4346)
   defining Unicode char U+10FB (decimal 4347)
   defining Unicode char U+10FC (decimal 4348)
))
LaTeX Font Info:    Trying to load font information for T8M+cmr on input line 1
12.

("C:\Program Files\MiKTeX 2.9\tex/latex/georgian\t8mcmr.fd"
File: t8mcmr.fd t8mcmr fontfile
)
LaTeX Font Info:    Trying to load font information for T8M+djg on input line 1
12.

("C:\Program Files\MiKTeX 2.9\tex/latex/georgian\t8mdjg.fd"
File: t8mdjg.fd 2007/10/20 Fontinst v1.929 font definitions for T8M/djg.
)
LaTeX Font Info:    Font shape `T8M/cmr/m/n' in size <12> not available
(Font)              Font shape `T8M/djg/m/n' tried instead on input line 112.
LaTeX Font Info:    Font shape `T8M/djg/m/n' will be
(Font)              scaled to size 10.79993pt on input line 112.
)
("C:\Program Files\MiKTeX 2.9\tex/latex/base\inputenc.sty"
Package: inputenc 2018/08/11 v1.3c Input encoding file
\inpenc@prehook=\toks15
\inpenc@posthook=\toks16
)
("C:\Program Files\MiKTeX 2.9\tex/generic/babel\babel.sty"
Package: babel 2020/05/13 3.44 The Babel package

("C:\Program Files\MiKTeX 2.9\tex/generic/babel\babel.def"
File: babel.def 2020/05/13 3.44 Babel common definitions
\babel@savecnt=\count176
\U@D=\dimen135
\l@babelnohyphens=\language79

("C:\Program Files\MiKTeX 2.9\tex/generic/babel\txtbabel.def")
\bbl@readstream=\read2
)
\bbl@dirlevel=\count177

*************************************
* Local config file bblopts.cfg used
*
("C:\Program Files\MiKTeX 2.9\tex/latex/arabi\bblopts.cfg"
File: bblopts.cfg 2005/09/08 v0.1 add Arabic and Farsi to "declared" options of
 babel
)
("C:\Program Files\MiKTeX 2.9\tex/latex/babel-english\english.ldf"
Language: english 2017/06/06 v3.3r English support from the babel system
Package babel Info: \l@canadian = using hyphenrules for english
(babel)             (\language0) on input line 102.
Package babel Info: \l@australian = using hyphenrules for ukenglish
(babel)             (\language73) on input line 105.
Package babel Info: \l@newzealand = using hyphenrules for ukenglish
(babel)             (\language73) on input line 108.
)
("C:\Program Files\MiKTeX 2.9\tex/generic/babel-georgian\georgian.ldf"
Language: georgian 2017/11/20 2.2 Georgian support from the babel system


Package babel Warning: No Georgian font encoding has been loaded so far.
(babel)                A font encoding should be declared before babel.
(babel)                Default `T8M' encoding will be loaded  on input line 77.


("C:\Program Files\MiKTeX 2.9\tex/latex/georgian\t8menc.def"
File: t8menc.def 2009/03/04 v1.1 Georgian Mxedruli encoding definition file
LaTeX Font Info:    Redeclaring font encoding T8M on input line 23.
)
Package babel Info: Making " an active character on input line 110.
Package babel Info: \geodash is defined on input line 146.

("C:\Program Files\MiKTeX 2.9\tex/generic/babel-georgian\georgiancaps.tex"
File: georgiancaps.tex 2013/06/06 v2.0 Captions in Georgian
)))
("C:\Program Files\MiKTeX 2.9\tex/latex/graphics\graphicx.sty"
Package: graphicx 2019/11/30 v1.2a Enhanced LaTeX Graphics (DPC,SPQR)

("C:\Program Files\MiKTeX 2.9\tex/latex/graphics\keyval.sty"
Package: keyval 2014/10/28 v1.15 key=value parser (DPC)
\KV@toks@=\toks17
)
("C:\Program Files\MiKTeX 2.9\tex/latex/graphics\graphics.sty"
Package: graphics 2019/11/30 v1.4a Standard LaTeX Graphics (DPC,SPQR)

("C:\Program Files\MiKTeX 2.9\tex/latex/graphics\trig.sty"
Package: trig 2016/01/03 v1.10 sin cos tan (DPC)
)
("C:\Program Files\MiKTeX 2.9\tex/latex/graphics-cfg\graphics.cfg"
File: graphics.cfg 2016/06/04 v1.11 sample graphics configuration
)
Package graphics Info: Driver file: pdftex.def on input line 105.

("C:\Program Files\MiKTeX 2.9\tex/latex/graphics-def\pdftex.def"
File: pdftex.def 2018/01/08 v1.0l Graphics/color driver for pdftex
))
\Gin@req@height=\dimen136
\Gin@req@width=\dimen137
)
("C:\Program Files\MiKTeX 2.9\tex/latex/hyperref\hyperref.sty"
Package: hyperref 2020-05-15 v7.00e Hypertext links for LaTeX

("C:\Program Files\MiKTeX 2.9\tex/generic/ltxcmds\ltxcmds.sty"
Package: ltxcmds 2019/12/15 v1.24 LaTeX kernel commands for general use (HO)
)
("C:\Program Files\MiKTeX 2.9\tex/generic/iftex\iftex.sty"
Package: iftex 2020/03/06 v1.0d TeX engine tests
)
("C:\Program Files\MiKTeX 2.9\tex/latex/pdftexcmds\pdftexcmds.sty"
Package: pdftexcmds 2019/11/24 v0.31 Utility functions of pdfTeX for LuaTeX (HO
)

("C:\Program Files\MiKTeX 2.9\tex/generic/infwarerr\infwarerr.sty"
Package: infwarerr 2019/12/03 v1.5 Providing info/warning/error messages (HO)
)
Package pdftexcmds Info: \pdf@primitive is available.
Package pdftexcmds Info: \pdf@ifprimitive is available.
Package pdftexcmds Info: \pdfdraftmode found.
)
("C:\Program Files\MiKTeX 2.9\tex/generic/kvsetkeys\kvsetkeys.sty"
Package: kvsetkeys 2019/12/15 v1.18 Key value parser (HO)
)
("C:\Program Files\MiKTeX 2.9\tex/generic/kvdefinekeys\kvdefinekeys.sty"
Package: kvdefinekeys 2019-12-19 v1.6 Define keys (HO)
)
("C:\Program Files\MiKTeX 2.9\tex/generic/pdfescape\pdfescape.sty"
Package: pdfescape 2019/12/09 v1.15 Implements pdfTeX's escape features (HO)
)
("C:\Program Files\MiKTeX 2.9\tex/latex/hycolor\hycolor.sty"
Package: hycolor 2020-01-27 v1.10 Color options for hyperref/bookmark (HO)
)
("C:\Program Files\MiKTeX 2.9\tex/latex/letltxmacro\letltxmacro.sty"
Package: letltxmacro 2019/12/03 v1.6 Let assignment for LaTeX macros (HO)
)
("C:\Program Files\MiKTeX 2.9\tex/latex/auxhook\auxhook.sty"
Package: auxhook 2019-12-17 v1.6 Hooks for auxiliary files (HO)
)
("C:\Program Files\MiKTeX 2.9\tex/latex/kvoptions\kvoptions.sty"
Package: kvoptions 2019/11/29 v3.13 Key value format for package options (HO)
)
\@linkdim=\dimen138
\Hy@linkcounter=\count178
\Hy@pagecounter=\count179

("C:\Program Files\MiKTeX 2.9\tex/latex/hyperref\pd1enc.def"
File: pd1enc.def 2020-05-15 v7.00e Hyperref: PDFDocEncoding definition (HO)
Now handling font encoding PD1 ...
... no UTF-8 mapping file for font encoding PD1
)
("C:\Program Files\MiKTeX 2.9\tex/generic/intcalc\intcalc.sty"
Package: intcalc 2019/12/15 v1.3 Expandable calculations with integers (HO)
)
("C:\Program Files\MiKTeX 2.9\tex/generic/etexcmds\etexcmds.sty"
Package: etexcmds 2019/12/15 v1.7 Avoid name clashes with e-TeX commands (HO)
)
\Hy@SavedSpaceFactor=\count180
Package hyperref Info: Hyper figures OFF on input line 4464.
Package hyperref Info: Link nesting OFF on input line 4469.
Package hyperref Info: Hyper index ON on input line 4472.
Package hyperref Info: Plain pages OFF on input line 4479.
Package hyperref Info: Backreferencing OFF on input line 4484.
Package hyperref Info: Implicit mode ON; LaTeX internals redefined.
Package hyperref Info: Bookmarks ON on input line 4717.
\c@Hy@tempcnt=\count181

("C:\Program Files\MiKTeX 2.9\tex/latex/url\url.sty"
\Urlmuskip=\muskip16
Package: url 2013/09/16  ver 3.4  Verb mode for urls, etc.
)
LaTeX Info: Redefining \url on input line 5076.
\XeTeXLinkMargin=\dimen139

("C:\Program Files\MiKTeX 2.9\tex/generic/bitset\bitset.sty"
Package: bitset 2019/12/09 v1.3 Handle bit-vector datatype (HO)

("C:\Program Files\MiKTeX 2.9\tex/generic/bigintcalc\bigintcalc.sty"
Package: bigintcalc 2019/12/15 v1.5 Expandable calculations on big integers (HO
)
))
\Fld@menulength=\count182
\Field@Width=\dimen140
\Fld@charsize=\dimen141
Package hyperref Info: Hyper figures OFF on input line 6347.
Package hyperref Info: Link nesting OFF on input line 6352.
Package hyperref Info: Hyper index ON on input line 6355.
Package hyperref Info: backreferencing OFF on input line 6362.
Package hyperref Info: Link coloring OFF on input line 6367.
Package hyperref Info: Link coloring with OCG OFF on input line 6372.
Package hyperref Info: PDF/A mode OFF on input line 6377.
LaTeX Info: Redefining \ref on input line 6417.
LaTeX Info: Redefining \pageref on input line 6421.

("C:\Program Files\MiKTeX 2.9\tex/generic/atbegshi\atbegshi.sty"
Package: atbegshi 2019/12/05 v1.19 At begin shipout hook (HO)
)
\Hy@abspage=\count183
\c@Item=\count184
\c@Hfootnote=\count185
)
Package hyperref Info: Driver (autodetected): hpdftex.

("C:\Program Files\MiKTeX 2.9\tex/latex/hyperref\hpdftex.def"
File: hpdftex.def 2020-05-15 v7.00e Hyperref driver for pdfTeX

("C:\Program Files\MiKTeX 2.9\tex/latex/atveryend\atveryend.sty"
Package: atveryend 2019-12-11 v1.11 Hooks at the very end of document (HO)
Package atveryend Info: \enddocument detected (standard20110627).
)
\Fld@listcount=\count186
\c@bookmark@seq@number=\count187

("C:\Program Files\MiKTeX 2.9\tex/latex/rerunfilecheck\rerunfilecheck.sty"
Package: rerunfilecheck 2019/12/05 v1.9 Rerun checks for auxiliary files (HO)

("C:\Program Files\MiKTeX 2.9\tex/generic/uniquecounter\uniquecounter.sty"
Package: uniquecounter 2019/12/15 v1.4 Provide unlimited unique counter (HO)
)
Package uniquecounter Info: New unique counter `rerunfilecheck' on input line 2
86.
)
\Hy@SectionHShift=\skip49
)
("C:\Program Files\MiKTeX 2.9\tex/latex/mathtools\mathtools.sty"
Package: mathtools 2020/03/24 v1.24 mathematical typesetting tools

("C:\Program Files\MiKTeX 2.9\tex/latex/tools\calc.sty"
Package: calc 2017/05/25 v4.3 Infix arithmetic (KKT,FJ)
\calc@Acount=\count188
\calc@Bcount=\count189
\calc@Adimen=\dimen142
\calc@Bdimen=\dimen143
\calc@Askip=\skip50
\calc@Bskip=\skip51
LaTeX Info: Redefining \setlength on input line 80.
LaTeX Info: Redefining \addtolength on input line 81.
\calc@Ccount=\count190
\calc@Cskip=\skip52
)
("C:\Program Files\MiKTeX 2.9\tex/latex/mathtools\mhsetup.sty"
Package: mhsetup 2017/03/31 v1.3 programming setup (MH)
)
("C:\Program Files\MiKTeX 2.9\tex/latex/amsmath\amsmath.sty"
Package: amsmath 2020/01/20 v2.17e AMS math features
\@mathmargin=\skip53

For additional information on amsmath, use the `?' option.
("C:\Program Files\MiKTeX 2.9\tex/latex/amsmath\amstext.sty"
Package: amstext 2000/06/29 v2.01 AMS text

("C:\Program Files\MiKTeX 2.9\tex/latex/amsmath\amsgen.sty"
File: amsgen.sty 1999/11/30 v2.0 generic functions
\@emptytoks=\toks18
\ex@=\dimen144
))
("C:\Program Files\MiKTeX 2.9\tex/latex/amsmath\amsbsy.sty"
Package: amsbsy 1999/11/29 v1.2d Bold Symbols
\pmbraise@=\dimen145
)
("C:\Program Files\MiKTeX 2.9\tex/latex/amsmath\amsopn.sty"
Package: amsopn 2016/03/08 v2.02 operator names
)
\inf@bad=\count191
LaTeX Info: Redefining \frac on input line 227.
\uproot@=\count192
\leftroot@=\count193
LaTeX Info: Redefining \overline on input line 389.
\classnum@=\count194
\DOTSCASE@=\count195
LaTeX Info: Redefining \ldots on input line 486.
LaTeX Info: Redefining \dots on input line 489.
LaTeX Info: Redefining \cdots on input line 610.
\Mathstrutbox@=\box45
\strutbox@=\box46
\big@size=\dimen146
LaTeX Font Info:    Redeclaring font encoding OML on input line 733.
LaTeX Font Info:    Redeclaring font encoding OMS on input line 734.
\macc@depth=\count196
\c@MaxMatrixCols=\count197
\dotsspace@=\muskip17
\c@parentequation=\count198
\dspbrk@lvl=\count199
\tag@help=\toks19
\row@=\count266
\column@=\count267
\maxfields@=\count268
\andhelp@=\toks20
\eqnshift@=\dimen147
\alignsep@=\dimen148
\tagshift@=\dimen149
\tagwidth@=\dimen150
\totwidth@=\dimen151
\lineht@=\dimen152
\@envbody=\toks21
\multlinegap=\skip54
\multlinetaggap=\skip55
\mathdisplay@stack=\toks22
LaTeX Info: Redefining \[ on input line 2859.
LaTeX Info: Redefining \] on input line 2860.
)
LaTeX Info: Thecontrolsequence`\('isalreadyrobust on input line 130.
LaTeX Info: Thecontrolsequence`\)'isalreadyrobust on input line 130.
LaTeX Info: Thecontrolsequence`\['isalreadyrobust on input line 130.
LaTeX Info: Thecontrolsequence`\]'isalreadyrobust on input line 130.
\g_MT_multlinerow_int=\count269
\l_MT_multwidth_dim=\dimen153
\origjot=\skip56
\l_MT_shortvdotswithinadjustabove_dim=\dimen154
\l_MT_shortvdotswithinadjustbelow_dim=\dimen155
\l_MT_above_intertext_sep=\dimen156
\l_MT_below_intertext_sep=\dimen157
\l_MT_above_shortintertext_sep=\dimen158
\l_MT_below_shortintertext_sep=\dimen159
\xmathstrut@box=\box47
\xmathstrut@dim=\dimen160
)
("C:\Program Files\MiKTeX 2.9\tex/latex/was\gensymb.sty"
Package: gensymb 2003/07/02 v1.0 (WaS)
)
Package hyperref Info: Option `bookmarksnumbered' set `true' on input line 25.
Package hyperref Info: Option `bookmarksopen' set `true' on input line 25.
Package hyperref Info: Option `colorlinks' set `true' on input line 25.

("C:\Program Files\MiKTeX 2.9\tex/latex/l3backend\l3backend-pdfmode.def"
File: l3backend-pdfmode.def 2020-05-05 L3 backend support: PDF mode
\l__kernel_color_stack_int=\count270
\l__pdf_internal_box=\box48
)
(amocanebi.aux)
\openout1 = `amocanebi.aux'.

LaTeX Font Info:    Checking defaults for OML/cmm/m/it on input line 36.
LaTeX Font Info:    ... okay on input line 36.
LaTeX Font Info:    Checking defaults for OMS/cmsy/m/n on input line 36.
LaTeX Font Info:    ... okay on input line 36.
LaTeX Font Info:    Checking defaults for OT1/cmr/m/n on input line 36.
LaTeX Font Info:    ... okay on input line 36.
LaTeX Font Info:    Checking defaults for T1/cmr/m/n on input line 36.
LaTeX Font Info:    ... okay on input line 36.
LaTeX Font Info:    Checking defaults for TS1/cmr/m/n on input line 36.
LaTeX Font Info:    ... okay on input line 36.
LaTeX Font Info:    Checking defaults for OMX/cmex/m/n on input line 36.
LaTeX Font Info:    ... okay on input line 36.
LaTeX Font Info:    Checking defaults for U/cmr/m/n on input line 36.
LaTeX Font Info:    ... okay on input line 36.
LaTeX Font Info:    Checking defaults for T8K/cmr/m/n on input line 36.
LaTeX Font Info:    Trying to load font information for T8K+cmr on input line 3
6.
 ("C:\Program Files\MiKTeX 2.9\tex/latex/georgian\t8kcmr.fd"
File: t8kcmr.fd t8kcmr fontfile
)
LaTeX Font Info:    ... okay on input line 36.
LaTeX Font Info:    Checking defaults for T8M/cmr/m/n on input line 36.
LaTeX Font Info:    ... okay on input line 36.
LaTeX Font Info:    Checking defaults for PD1/pdf/m/n on input line 36.
LaTeX Font Info:    ... okay on input line 36.

("C:\Program Files\MiKTeX 2.9\tex/context/base/mkii\supp-pdf.mkii"
[Loading MPS to PDF converter (version 2006.09.02).]
\scratchcounter=\count271
\scratchdimen=\dimen161
\scratchbox=\box49
\nofMPsegments=\count272
\nofMParguments=\count273
\everyMPshowfont=\toks23
\MPscratchCnt=\count274
\MPscratchDim=\dimen162
\MPnumerator=\count275
\makeMPintoPDFobject=\count276
\everyMPtoPDFconversion=\toks24
) ("C:\Program Files\MiKTeX 2.9\tex/latex/epstopdf-pkg\epstopdf-base.sty"
Package: epstopdf-base 2020-01-24 v2.11 Base part for package epstopdf
Package epstopdf-base Info: Redefining graphics rule for `.eps' on input line 4
85.
)
\AtBeginShipoutBox=\box50

("C:\Program Files\MiKTeX 2.9\tex/latex/graphics\color.sty"
Package: color 2019/11/23 v1.2a Standard LaTeX Color (DPC)

("C:\Program Files\MiKTeX 2.9\tex/latex/graphics-cfg\color.cfg"
File: color.cfg 2016/01/02 v1.6 sample color configuration
)
Package color Info: Driver file: pdftex.def on input line 147.
)
Package hyperref Info: Link coloring ON on input line 36.

("C:\Program Files\MiKTeX 2.9\tex/latex/hyperref\nameref.sty"
Package: nameref 2019/09/16 v2.46 Cross-referencing by name of section

("C:\Program Files\MiKTeX 2.9\tex/latex/refcount\refcount.sty"
Package: refcount 2019/12/15 v3.6 Data extraction from label references (HO)
)
("C:\Program Files\MiKTeX 2.9\tex/generic/gettitlestring\gettitlestring.sty"
Package: gettitlestring 2019/12/15 v1.6 Cleanup title references (HO)
)
\c@section@level=\count277
)
LaTeX Info: Redefining \ref on input line 36.
LaTeX Info: Redefining \pageref on input line 36.
LaTeX Info: Redefining \nameref on input line 36.

(amocanebi.out) (amocanebi.out)
\@outlinefile=\write3
\openout3 = `amocanebi.out'.

LaTeX Info: Redefining \celsius on input line 36.
Package gensymb Info: Faking symbols for \degree and \celsius on input line 36.



Package gensymb Warning: Not defining \perthousand.

LaTeX Info: Redefining \ohm on input line 36.
Package gensymb Info: Using \Omega for \ohm on input line 36.

Package gensymb Warning: Not defining \micro.

LaTeX Font Info:    Font shape `T8M/cmr/m/n' in size <24.88> not available
(Font)              Font shape `T8M/djg/m/n' tried instead on input line 38.
LaTeX Font Info:    Font shape `T8M/djg/m/n' will be
(Font)              scaled to size 22.39185pt on input line 38.
LaTeX Font Info:    Font shape `T8M/cmr/bx/n' in size <24.88> not available
(Font)              Font shape `T8M/djg/bx/n' tried instead on input line 38.
LaTeX Font Info:    Font shape `T8M/djg/bx/n' in size <24.88> not available
(Font)              Font shape `T8M/djg/b/n' tried instead on input line 38.
LaTeX Font Info:    Font shape `T8M/djg/b/n' will be
(Font)              scaled to size 22.39185pt on input line 38.
(amocanebi.toc
LaTeX Font Info:    Font shape `T8M/cmr/bx/n' in size <12> not available
(Font)              Font shape `T8M/djg/bx/n' tried instead on input line 2.
LaTeX Font Info:    Font shape `T8M/djg/bx/n' in size <12> not available
(Font)              Font shape `T8M/djg/b/n' tried instead on input line 2.
LaTeX Font Info:    Font shape `T8M/djg/b/n' will be
(Font)              scaled to size 10.79993pt on input line 2.
)
\tf@toc=\write4
\openout4 = `amocanebi.toc'.

 [1


{C:/Users/kankadze/AppData/Local/MiKTeX/2.9/pdftex/config/pdftex.map}]
\geoth \geoa \geov \geoi  1.

Package hyperref Warning: Glyph not defined in PD1 encoding,
(hyperref)                removing `\geovets' on input line 42.


Package hyperref Warning: Glyph not defined in PD1 encoding,
(hyperref)                removing `\geoi' on input line 42.


Package hyperref Warning: Glyph not defined in PD1 encoding,
(hyperref)                removing `\geon' on input line 42.


Package hyperref Warning: Glyph not defined in PD1 encoding,
(hyperref)                removing `\geoa' on input line 42.


Package hyperref Warning: Glyph not defined in PD1 encoding,
(hyperref)                removing `\geos' on input line 42.


Package hyperref Warning: Glyph not defined in PD1 encoding,
(hyperref)                removing `\geoi' on input line 42.


Package hyperref Warning: Glyph not defined in PD1 encoding,
(hyperref)                removing `\geot' on input line 42.


Package hyperref Warning: Glyph not defined in PD1 encoding,
(hyperref)                removing `\geoucy' on input line 42.


Package hyperref Warning: Glyph not defined in PD1 encoding,
(hyperref)                removing `\geoev' on input line 42.


Package hyperref Warning: Glyph not defined in PD1 encoding,
(hyperref)                removing `\geoa' on input line 42.


Package hyperref Warning: Glyph not defined in PD1 encoding,
(hyperref)                removing `\geoo' on input line 42.


Package hyperref Warning: Glyph not defined in PD1 encoding,
(hyperref)                removing `\geob' on input line 42.


Package hyperref Warning: Glyph not defined in PD1 encoding,
(hyperref)                removing `\geoa' on input line 42.

[2

]
\geoth \geoa \geov \geoi  2.

Package hyperref Warning: Glyph not defined in PD1 encoding,
(hyperref)                removing `\geoa' on input line 46.


Package hyperref Warning: Glyph not defined in PD1 encoding,
(hyperref)                removing `\geom' on input line 46.


Package hyperref Warning: Glyph not defined in PD1 encoding,
(hyperref)                removing `\geoo' on input line 46.


Package hyperref Warning: Glyph not defined in PD1 encoding,
(hyperref)                removing `\geouec' on input line 46.


Package hyperref Warning: Glyph not defined in PD1 encoding,
(hyperref)                removing `\geoa' on input line 46.


Package hyperref Warning: Glyph not defined in PD1 encoding,
(hyperref)                removing `\geon' on input line 46.


Package hyperref Warning: Glyph not defined in PD1 encoding,
(hyperref)                removing `\geoe' on input line 46.


Package hyperref Warning: Glyph not defined in PD1 encoding,
(hyperref)                removing `\geob' on input line 46.


Package hyperref Warning: Glyph not defined in PD1 encoding,
(hyperref)                removing `\geoi' on input line 46.

<images/19.png, id=35, 310.91156pt x 260.47313pt>
File: images/19.png Graphic file (type png)
<use images/19.png>
Package pdftex.def Info: images/19.png  used on input line 53.
(pdftex.def)             Requested size: 93.27417pt x 78.14253pt.
<images/27.png, id=37, 344.03531pt x 242.40562pt>
File: images/27.png Graphic file (type png)
<use images/27.png>
Package pdftex.def Info: images/27.png  used on input line 58.
(pdftex.def)             Requested size: 103.21138pt x 72.72223pt.
<images/32.png, id=38, 310.91156pt x 122.70844pt>
File: images/32.png Graphic file (type png)
<use images/32.png>
Package pdftex.def Info: images/32.png  used on input line 63.
(pdftex.def)             Requested size: 155.45538pt x 61.35406pt.
<images/F37.jpg, id=39, 453.19313pt x 435.87843pt>
File: images/F37.jpg Graphic file (type jpg)
<use images/F37.jpg>
Package pdftex.def Info: images/F37.jpg  used on input line 68.
(pdftex.def)             Requested size: 90.63701pt x 87.17413pt.
[3

 <./images/19.png> <./images/27.png> <./images/32.png>]
<images/54.png, id=49, 347.04657pt x 225.09094pt>
File: images/54.png Graphic file (type png)
<use images/54.png>
Package pdftex.def Info: images/54.png  used on input line 77.
(pdftex.def)             Requested size: 138.81616pt x 90.03477pt.
<images/144.png, id=50, 324.46219pt x 362.10281pt>
File: images/144.png Graphic file (type png)
<use images/144.png>
Package pdftex.def Info: images/144.png  used on input line 90.
(pdftex.def)             Requested size: 97.3394pt x 108.63167pt.
<images/164.png, id=51, 269.50688pt x 266.49562pt>
File: images/164.png Graphic file (type png)
<use images/164.png>
Package pdftex.def Info: images/164.png  used on input line 95.
(pdftex.def)             Requested size: 107.80083pt x 106.59636pt.
 [4 <./images/F37.jpg> <./images/54.png> <./images/144.png>]
<images/F297.jpg, id=59, 110.4125pt x 126.4725pt>
File: images/F297.jpg Graphic file (type jpg)
<use images/F297.jpg>
Package pdftex.def Info: images/F297.jpg  used on input line 104.
(pdftex.def)             Requested size: 55.2061pt x 63.23608pt.
<images/392.png, id=60, 473.51906pt x 143.78719pt>
File: images/392.png Graphic file (type png)
<use images/392.png>
Package pdftex.def Info: images/392.png  used on input line 111.
(pdftex.def)             Requested size: 189.40425pt x 57.51385pt.
<images/405.png, id=61, 339.51843pt x 386.19281pt>
File: images/405.png Graphic file (type png)
<use images/405.png>
Package pdftex.def Info: images/405.png  used on input line 116.
(pdftex.def)             Requested size: 135.80496pt x 154.47438pt.
 [5 <./images/164.png> <./images/F297.jpg> <./images/392.png>]
<images/F579.png, id=69, 343.2825pt x 194.22563pt>
File: images/F579.png Graphic file (type png)
<use images/F579.png>
Package pdftex.def Info: images/F579.png  used on input line 125.
(pdftex.def)             Requested size: 171.64082pt x 97.11256pt.
<images/F649.png, id=70, 508.14844pt x 273.27094pt>
File: images/F649.png Graphic file (type png)
<use images/F649.png>
Package pdftex.def Info: images/F649.png  used on input line 130.
(pdftex.def)             Requested size: 254.0736pt x 136.63512pt.
<images/F683.png, id=71, 278.54062pt x 277.78781pt>
File: images/F683.png Graphic file (type png)
<use images/F683.png>
Package pdftex.def Info: images/F683.png  used on input line 135.
(pdftex.def)             Requested size: 139.26996pt x 138.89355pt.
 [6 <./images/405.png> <./images/F579.png> <./images/F649.png>]
<images/724.png, id=81, 173.89969pt x 321.45094pt>
File: images/724.png Graphic file (type png)
<use images/724.png>
Package pdftex.def Info: images/724.png  used on input line 142.
(pdftex.def)             Requested size: 52.1703pt x 96.43602pt.
<images/1006.png, id=82, 393.72093pt x 174.6525pt>
File: images/1006.png Graphic file (type png)
<use images/1006.png>
Package pdftex.def Info: images/1006.png  used on input line 155.
(pdftex.def)             Requested size: 157.48558pt x 69.85976pt.
<images/1015.png, id=83, 420.82219pt x 184.43906pt>
File: images/1015.png Graphic file (type png)
<use images/1015.png>
Package pdftex.def Info: images/1015.png  used on input line 160.
(pdftex.def)             Requested size: 168.32588pt x 73.7743pt.
 [7 <./images/F683.png> <./images/724.png> <./images/1006.png>]
<images/F1071.png, id=92, 331.99031pt x 234.1247pt>
File: images/F1071.png Graphic file (type png)
<use images/F1071.png>
Package pdftex.def Info: images/F1071.png  used on input line 167.
(pdftex.def)             Requested size: 99.59785pt x 70.23795pt.
<images/F1124.png, id=93, 333.49594pt x 194.97844pt>
File: images/F1124.png Graphic file (type png)
<use images/F1124.png>
Package pdftex.def Info: images/F1124.png  used on input line 172.
(pdftex.def)             Requested size: 66.698pt x 38.995pt.
<images/F1215.png, id=94, 363.60844pt x 231.11343pt>
File: images/F1215.png Graphic file (type png)
<use images/F1215.png>
Package pdftex.def Info: images/F1215.png  used on input line 177.
(pdftex.def)             Requested size: 181.80377pt x 115.55643pt.
<images/F1258.jpg, id=95, 531.48563pt x 414.04688pt>
File: images/F1258.jpg Graphic file (type jpg)
<use images/F1258.jpg>
Package pdftex.def Info: images/F1258.jpg  used on input line 182.
(pdftex.def)             Requested size: 106.29524pt x 82.80789pt.
 [8 <./images/1015.png> <./images/F1071.png> <./images/F1124.png> <./images/F12
15.png>]
<images/F1320.png, id=104, 353.06906pt x 260.47313pt>
File: images/F1320.png Graphic file (type png)
<use images/F1320.png>
Package pdftex.def Info: images/F1320.png  used on input line 191.
(pdftex.def)             Requested size: 141.22511pt x 104.1874pt.
<images/F1328.png, id=105, 115.93312pt x 83.5622pt>
File: images/F1328.png Graphic file (type png)
<use images/F1328.png>
Package pdftex.def Info: images/F1328.png  used on input line 196.
(pdftex.def)             Requested size: 57.96642pt x 41.78099pt.

[9 <./images/F1258.jpg> <./images/F1320.png> <./images/F1328.png>]
<images/F1388.jpg, id=111, 472.01344pt x 205.5178pt>
File: images/F1388.jpg Graphic file (type jpg)
<use images/F1388.jpg>
Package pdftex.def Info: images/F1388.jpg  used on input line 207.
(pdftex.def)             Requested size: 94.401pt x 41.10283pt.
<images/F1389.png, id=112, 195.73125pt x 207.77625pt>
File: images/F1389.png Graphic file (type png)
<use images/F1389.png>
Package pdftex.def Info: images/F1389.png  used on input line 212.
(pdftex.def)             Requested size: 78.2911pt x 83.10901pt.
<images/F1488.png, id=113, 271.76532pt x 314.67563pt>
File: images/F1488.png Graphic file (type png)
<use images/F1488.png>
Package pdftex.def Info: images/F1488.png  used on input line 219.
(pdftex.def)             Requested size: 108.7042pt x 125.86801pt.
<images/F1489.png, id=114, 324.46219pt x 176.15813pt>
File: images/F1489.png Graphic file (type png)
<use images/F1489.png>
Package pdftex.def Info: images/F1489.png  used on input line 224.
(pdftex.def)             Requested size: 129.78256pt x 70.46199pt.
 [10 <./images/F1388.jpg> <./images/F1389.png> <./images/F1488.png>]
<images/F1490.png, id=121, 353.82187pt x 99.37125pt>
File: images/F1490.png Graphic file (type png)
<use images/F1490.png>
Package pdftex.def Info: images/F1490.png  used on input line 229.
(pdftex.def)             Requested size: 141.52623pt x 39.74779pt.
<images/F1589.png, id=122, 601.4972pt x 167.12437pt>
File: images/F1589.png Graphic file (type png)
<use images/F1589.png>
Package pdftex.def Info: images/F1589.png  used on input line 238.
(pdftex.def)             Requested size: 240.59462pt x 66.84856pt.
<images/F1599.png, id=123, 281.55188pt x 359.84438pt>
File: images/F1599.png Graphic file (type png)
<use images/F1599.png>
Package pdftex.def Info: images/F1599.png  used on input line 243.
(pdftex.def)             Requested size: 112.61874pt x 143.9352pt.
 [11 <./images/F1489.png> <./images/F1490.png> <./images/F1589.png> <./images/F
1599.png>]
<images/F1601.png, id=132, 333.49594pt x 328.97906pt>
File: images/F1601.png Graphic file (type png)
<use images/F1601.png>
Package pdftex.def Info: images/F1601.png  used on input line 248.
(pdftex.def)             Requested size: 133.39601pt x 131.5893pt.
<images/F1613.png, id=133, 402.75468pt x 142.28156pt>
File: images/F1613.png Graphic file (type png)
<use images/F1613.png>
Package pdftex.def Info: images/F1613.png  used on input line 259.
(pdftex.def)             Requested size: 161.09901pt x 56.9116pt.
<images/F1614.png, id=134, 363.60844pt x 121.95563pt>
File: images/F1614.png Graphic file (type png)
<use images/F1614.png>
Package pdftex.def Info: images/F1614.png  used on input line 264.
(pdftex.def)             Requested size: 145.4408pt x 48.78137pt.
 [12 <./images/F1601.png> <./images/F1613.png>]
LaTeX Font Info:    Font shape `T8M/cmr/m/n' in size <8> not available
(Font)              Font shape `T8M/djg/m/n' tried instead on input line 273.
LaTeX Font Info:    Font shape `T8M/djg/m/n' will be
(Font)              scaled to size 7.19995pt on input line 273.
LaTeX Font Info:    Font shape `T8M/cmr/m/n' in size <6> not available
(Font)              Font shape `T8M/djg/m/n' tried instead on input line 273.
LaTeX Font Info:    Font shape `T8M/djg/m/n' will be
(Font)              scaled to size 5.39996pt on input line 273.
 [13 <./images/F1614.png>]
<images/F1639.jpg, id=147, 215.80624pt x 110.4125pt>
File: images/F1639.jpg Graphic file (type jpg)
<use images/F1639.jpg>
Package pdftex.def Info: images/F1639.jpg  used on input line 289.
(pdftex.def)             Requested size: 107.90285pt x 55.2061pt.
<images/1643.png, id=148, 1157.07281pt x 340.27126pt>
File: images/1643.png Graphic file (type png)
<use images/1643.png>
Package pdftex.def Info: images/1643.png  used on input line 294.
(pdftex.def)             Requested size: 231.41046pt x 68.05304pt.
 [14 <./images/F1639.jpg> <./images/1643.png>]
<images/1660.png, id=154, 392.96812pt x 243.15843pt>
File: images/1660.png Graphic file (type png)
<use images/1660.png>
Package pdftex.def Info: images/1660.png  used on input line 307.
(pdftex.def)             Requested size: 117.89134pt x 72.94809pt.
<images/F1661.png, id=155, 369.63094pt x 94.85437pt>
File: images/F1661.png Graphic file (type png)
<use images/F1661.png>
Package pdftex.def Info: images/F1661.png  used on input line 312.
(pdftex.def)             Requested size: 184.815pt x 47.42706pt.
<images/F1669.jpg, id=156, 234.8775pt x 101.37875pt>
File: images/F1669.jpg Graphic file (type jpg)
<use images/F1669.jpg>
Package pdftex.def Info: images/F1669.jpg  used on input line 319.
(pdftex.def)             Requested size: 117.43846pt x 50.68924pt.
 [15 <./images/1660.png> <./images/F1661.png>]
<images/F1671.png, id=163, 234.8775pt x 98.61844pt>
File: images/F1671.png Graphic file (type png)
<use images/F1671.png>
Package pdftex.def Info: images/F1671.png  used on input line 324.
(pdftex.def)             Requested size: 117.43846pt x 49.30908pt.
<images/F1674.jpg, id=164, 142.5325pt x 249.93375pt>
File: images/F1674.jpg Graphic file (type jpg)
<use images/F1674.jpg>
Package pdftex.def Info: images/F1674.jpg  used on input line 329.
(pdftex.def)             Requested size: 71.26607pt x 124.96657pt.

[16 <./images/F1669.jpg> <./images/F1671.png> <./images/F1674.jpg>]
<images/F1704.jpg, id=170, 190.7125pt x 148.555pt>
File: images/F1704.jpg Graphic file (type jpg)
<use images/F1704.jpg>
Package pdftex.def Info: images/F1704.jpg  used on input line 349.
(pdftex.def)             Requested size: 95.356pt x 74.27731pt.
<images/F1705.png, id=171, 212.29312pt x 144.54pt>
File: images/F1705.png Graphic file (type png)
<use images/F1705.png>
Package pdftex.def Info: images/F1705.png  used on input line 354.
(pdftex.def)             Requested size: 106.1463pt x 72.2698pt.
 [17 <./images/F1704.jpg> <./images/F1705.png>]
<images/F1707.png, id=177, 161.10187pt x 222.8325pt>
File: images/F1707.png Graphic file (type png)
<use images/F1707.png>
Package pdftex.def Info: images/F1707.png  used on input line 359.
(pdftex.def)             Requested size: 80.55074pt x 111.41597pt.
<images/1719.png, id=178, 392.96812pt x 232.61906pt>
File: images/1719.png Graphic file (type png)
<use images/1719.png>
Package pdftex.def Info: images/1719.png  used on input line 366.
(pdftex.def)             Requested size: 117.89134pt x 69.78625pt.
 [18 <./images/F1707.png> <./images/1719.png>]
<images/1749.png, id=185, 627.09282pt x 301.125pt>
File: images/1749.png Graphic file (type png)
<use images/1749.png>
Package pdftex.def Info: images/1749.png  used on input line 385.
(pdftex.def)             Requested size: 188.12929pt x 90.33818pt.
 [19 <./images/1749.png>]
<images/F1757.png, id=192, 563.10374pt x 185.19188pt>
File: images/F1757.png Graphic file (type png)
<use images/F1757.png>
Package pdftex.def Info: images/F1757.png  used on input line 392.
(pdftex.def)             Requested size: 225.2375pt x 74.07542pt.
<images/1758.png, id=193, 1271.5003pt x 739.26187pt>
File: images/1758.png Graphic file (type png)
<use images/1758.png>
Package pdftex.def Info: images/1758.png  used on input line 397.
(pdftex.def)             Requested size: 254.29555pt x 147.84975pt.
<images/F1762.png, id=194, 220.57407pt x 297.36093pt>
File: images/F1762.png Graphic file (type png)
<use images/F1762.png>
Package pdftex.def Info: images/F1762.png  used on input line 404.
(pdftex.def)             Requested size: 110.28676pt x 148.6801pt.
 [20 <./images/F1757.png> <./images/1758.png> <./images/F1762.png>]
<images/1834.png, id=202, 576.65437pt x 296.60812pt>
File: images/1834.png Graphic file (type png)
<use images/1834.png>
Package pdftex.def Info: images/1834.png  used on input line 413.
(pdftex.def)             Requested size: 230.65765pt x 118.64114pt.
<images/F1855.png, id=203, 174.6525pt x 350.81062pt>
File: images/F1855.png Graphic file (type png)
<use images/F1855.png>
Package pdftex.def Info: images/F1855.png  used on input line 420.
(pdftex.def)             Requested size: 87.32603pt x 175.40488pt.
 [21 <./images/1834.png> <./images/F1855.png>]
<images/F2422.png, id=210, 235.63031pt x 161.10187pt>
File: images/F2422.png Graphic file (type png)
<use images/F2422.png>
Package pdftex.def Info: images/F2422.png  used on input line 436.
(pdftex.def)             Requested size: 141.37927pt x 96.66187pt.
<images/F2531.png, id=211, 543.02875pt x 444.66125pt>
File: images/F2531.png Graphic file (type png)
<use images/F2531.png>
Package pdftex.def Info: images/F2531.png  used on input line 441.
(pdftex.def)             Requested size: 162.90987pt x 133.3994pt.
 [22 <./images/F2422.png> <./images/F2531.png>] [23]
\geoth \geoa \geov \geoi  3.

Package hyperref Warning: Glyph not defined in PD1 encoding,
(hyperref)                removing `\geoezth' on input line 463.


Package hyperref Warning: Glyph not defined in PD1 encoding,
(hyperref)                removing `\geoe' on input line 463.


Package hyperref Warning: Glyph not defined in PD1 encoding,
(hyperref)                removing `\geom' on input line 463.


Package hyperref Warning: Glyph not defined in PD1 encoding,
(hyperref)                removing `\geoa' on input line 463.


Package hyperref Warning: Glyph not defined in PD1 encoding,
(hyperref)                removing `\geot' on input line 463.


Package hyperref Warning: Glyph not defined in PD1 encoding,
(hyperref)                removing `\geou' on input line 463.


Package hyperref Warning: Glyph not defined in PD1 encoding,
(hyperref)                removing `\geor' on input line 463.


Package hyperref Warning: Glyph not defined in PD1 encoding,
(hyperref)                removing `\geoi' on input line 463.


Package hyperref Warning: Glyph not defined in PD1 encoding,
(hyperref)                removing `\geos' on input line 463.


Package hyperref Warning: Glyph not defined in PD1 encoding,
(hyperref)                removing `\geoa' on input line 463.


Package hyperref Warning: Glyph not defined in PD1 encoding,
(hyperref)                removing `\geovdz' on input line 463.


Package hyperref Warning: Glyph not defined in PD1 encoding,
(hyperref)                removing `\geoi' on input line 463.


Package hyperref Warning: Glyph not defined in PD1 encoding,
(hyperref)                removing `\geoe' on input line 463.


Package hyperref Warning: Glyph not defined in PD1 encoding,
(hyperref)                removing `\geob' on input line 463.


Package hyperref Warning: Glyph not defined in PD1 encoding,
(hyperref)                removing `\geoe' on input line 463.


Package hyperref Warning: Glyph not defined in PD1 encoding,
(hyperref)                removing `\geol' on input line 463.


Package hyperref Warning: Glyph not defined in PD1 encoding,
(hyperref)                removing `\geoi' on input line 463.

[24

]
\geoth \geoa \geov \geoi  4.

Package hyperref Warning: Glyph not defined in PD1 encoding,
(hyperref)                removing `\geop' on input line 484.


Package hyperref Warning: Glyph not defined in PD1 encoding,
(hyperref)                removing `\geoa' on input line 484.


Package hyperref Warning: Glyph not defined in PD1 encoding,
(hyperref)                removing `\geos' on input line 484.


Package hyperref Warning: Glyph not defined in PD1 encoding,
(hyperref)                removing `\geou' on input line 484.


Package hyperref Warning: Glyph not defined in PD1 encoding,
(hyperref)                removing `\geovkh' on input line 484.


Package hyperref Warning: Glyph not defined in PD1 encoding,
(hyperref)                removing `\geoe' on input line 484.


Package hyperref Warning: Glyph not defined in PD1 encoding,
(hyperref)                removing `\geob' on input line 484.


Package hyperref Warning: Glyph not defined in PD1 encoding,
(hyperref)                removing `\geoi' on input line 484.

Package atveryend Info: Empty hook `BeforeClearDocument' on input line 533.
[25

] [26]
Package atveryend Info: Empty hook `AfterLastShipout' on input line 533.
 (amocanebi.aux)
Package atveryend Info: Executing hook `AtVeryEndDocument' on input line 533.
Package atveryend Info: Executing hook `AtEndAfterFileList' on input line 533.
Package rerunfilecheck Info: File `amocanebi.out' has not changed.
(rerunfilecheck)             Checksum: AF10CFD0FEB1565EB9C7A6BBBB04ECE2;148.
Package atveryend Info: Empty hook `AtVeryVeryEnd' on input line 533.
 ) 
Here is how much of TeX's memory you used:
 8601 strings out of 480795
 125222 string characters out of 2905348
 401647 words of memory out of 3000000
 24358 multiletter control sequences out of 15000+200000
 541882 words of font info for 47 fonts, out of 3000000 for 9000
 1141 hyphenation exceptions out of 8191
 37i,6n,29p,2984b,394s stack positions out of 5000i,500n,10000p,200000b,50000s
{C:/Program Files/MiKTeX 2.9/fonts/enc/dvips/georgian/t8m.enc}<C:/Program Fil
es/MiKTeX 2.9/fonts/type1/public/amsfonts/cm/cmex10.pfb><C:/Program Files/MiKTe
X 2.9/fonts/type1/public/amsfonts/cm/cmmi12.pfb><C:/Program Files/MiKTeX 2.9/fo
nts/type1/public/amsfonts/cm/cmmi8.pfb><C:/Program Files/MiKTeX 2.9/fonts/type1
/public/amsfonts/cm/cmr12.pfb><C:/Program Files/MiKTeX 2.9/fonts/type1/public/a
msfonts/cm/cmr8.pfb><C:/Program Files/MiKTeX 2.9/fonts/type1/public/amsfonts/cm
/cmsy10.pfb><C:/Program Files/MiKTeX 2.9/fonts/type1/public/amsfonts/cm/cmsy8.p
fb><C:/Program Files/MiKTeX 2.9/fonts/type1/geodejavu/djg/djgb8a10.pfb><C:/Prog
ram Files/MiKTeX 2.9/fonts/type1/geodejavu/djg/djgr8a10.pfb>
Output written on amocanebi.pdf (26 pages, 1128915 bytes).
PDF statistics:
 275 PDF objects out of 1000 (max. 8388607)
 32 named destinations out of 1000 (max. 500000)
 288 words of extra memory for PDF output out of 10000 (max. 10000000)

